  main.cpp
E:\Рабочий стол\8\main.cpp(69,11): warning C4244: инициализация: преобразование "const T" в "int", возможна потеря данных
          with
          [
              T=float
          ]
E:\Рабочий стол\8\main.cpp(70,11): warning C4244: инициализация: преобразование "const T" в "int", возможна потеря данных
          with
          [
              T=float
          ]
E:\Рабочий стол\8\main.cpp(271,15): warning C4244: аргумент: преобразование "time_t" в "unsigned int", возможна потеря данных
E:\Рабочий стол\8\main.cpp(284,30): warning C4244: аргумент: преобразование "int" в "float", возможна потеря данных
E:\Рабочий стол\8\main.cpp(298,33): warning C4244: аргумент: преобразование "int" в "float", возможна потеря данных
E:\Рабочий стол\8\main.cpp(312,28): warning C4244: аргумент: преобразование "int" в "float", возможна потеря данных
E:\Рабочий стол\8\main.cpp(326,33): warning C4244: аргумент: преобразование "int" в "float", возможна потеря данных
E:\Рабочий стол\8\main.cpp(382,37): warning C4244: аргумент: преобразование "int" в "float", возможна потеря данных
E:\Рабочий стол\8\main.cpp(947,60): warning C4553: "==": результат выражения не используется; вы хотели использовать "="?
E:\Рабочий стол\8\main.cpp(948,58): warning C4553: "==": результат выражения не используется; вы хотели использовать "="?
  8.vcxproj -> E:\Рабочий стол\8\x64\Debug\8.exe
